<?xml version="1.0" encoding="UTF-8"?>
<!-- Generated by org.testng.reporters.JUnitReportReporter -->
<testsuite hostname="WIN-JD5AAM1B6TV" failures="0" tests="2" name="test.by.jwd.finaltaskweb.dao.groupdao.CreateAndDeleteTest" time="0.802" errors="1" timestamp="4 Apr 2022 10:30:07 GMT">
  <testcase classname="test.by.jwd.finaltaskweb.dao.groupdao.CreateAndDeleteTest" name="testCreate" time="0.672"/>
  <testcase classname="test.by.jwd.finaltaskweb.dao.groupdao.CreateAndDeleteTest" name="testDelete" time="0.130">
    <error message="Lists differ at element [6]: 
Group:
id: 7
title: group7
teacher: 
Teacher:
id: 5
login: null
password: null
name: null
surname: null
role: TEACHER
dancestyle: null
portfolio: null[]
level: BEG
schedule: [] != 
Group:
id: 7
title: group7100
teacher: 
Teacher:
id: 5
login: null
password: null
name: null
surname: null
role: TEACHER
dancestyle: null
portfolio: null[]
level: PRO
schedule: [] expected [
Group:
id: 7
title: group7
teacher: 
Teacher:
id: 5
login: null
password: null
name: null
surname: null
role: TEACHER
dancestyle: null
portfolio: null[]
level: BEG
schedule: []] but found [
Group:
id: 7
title: group7100
teacher: 
Teacher:
id: 5
login: null
password: null
name: null
surname: null
role: TEACHER
dancestyle: null
portfolio: null[]
level: PRO
schedule: []]" type="java.lang.AssertionError">
      <![CDATA[java.lang.AssertionError: Lists differ at element [6]: 
Group:
id: 7
title: group7
teacher: 
Teacher:
id: 5
login: null
password: null
name: null
surname: null
role: TEACHER
dancestyle: null
portfolio: null[]
level: BEG
schedule: [] != 
Group:
id: 7
title: group7100
teacher: 
Teacher:
id: 5
login: null
password: null
name: null
surname: null
role: TEACHER
dancestyle: null
portfolio: null[]
level: PRO
schedule: [] expected [
Group:
id: 7
title: group7
teacher: 
Teacher:
id: 5
login: null
password: null
name: null
surname: null
role: TEACHER
dancestyle: null
portfolio: null[]
level: BEG
schedule: []] but found [
Group:
id: 7
title: group7100
teacher: 
Teacher:
id: 5
login: null
password: null
name: null
surname: null
role: TEACHER
dancestyle: null
portfolio: null[]
level: PRO
schedule: []]
	at org.testng.Assert.fail(Assert.java:94)
	at org.testng.Assert.failNotEquals(Assert.java:494)
	at org.testng.Assert.assertEquals(Assert.java:123)
	at org.testng.Assert.assertEquals(Assert.java:549)
	at org.testng.Assert.assertEquals(Assert.java:514)
	at test.by.jwd.finaltaskweb.dao.groupdao.CreateAndDeleteTest.testDelete(CreateAndDeleteTest.java:163)
	at java.base/jdk.internal.reflect.NativeMethodAccessorImpl.invoke0(Native Method)
	at java.base/jdk.internal.reflect.NativeMethodAccessorImpl.invoke(NativeMethodAccessorImpl.java:77)
	at java.base/jdk.internal.reflect.DelegatingMethodAccessorImpl.invoke(DelegatingMethodAccessorImpl.java:43)
	at java.base/java.lang.reflect.Method.invoke(Method.java:568)
	at org.testng.internal.MethodInvocationHelper.invokeMethod(MethodInvocationHelper.java:80)
	at org.testng.internal.Invoker.invokeMethod(Invoker.java:714)
	at org.testng.internal.Invoker.invokeTestMethod(Invoker.java:901)
	at org.testng.internal.Invoker.invokeTestMethods(Invoker.java:1231)
	at org.testng.internal.TestMethodWorker.invokeTestMethods(TestMethodWorker.java:127)
	at org.testng.internal.TestMethodWorker.run(TestMethodWorker.java:111)
	at org.testng.TestRunner.privateRun(TestRunner.java:767)
	at org.testng.TestRunner.run(TestRunner.java:617)
	at org.testng.SuiteRunner.runTest(SuiteRunner.java:334)
	at org.testng.SuiteRunner.runSequentially(SuiteRunner.java:329)
	at org.testng.SuiteRunner.privateRun(SuiteRunner.java:291)
	at org.testng.SuiteRunner.run(SuiteRunner.java:240)
	at org.testng.SuiteRunnerWorker.runSuite(SuiteRunnerWorker.java:52)
	at org.testng.SuiteRunnerWorker.run(SuiteRunnerWorker.java:86)
	at org.testng.TestNG.runSuitesSequentially(TestNG.java:1198)
	at org.testng.TestNG.runSuitesLocally(TestNG.java:1123)
	at org.testng.TestNG.run(TestNG.java:1031)
	at org.testng.remote.AbstractRemoteTestNG.run(AbstractRemoteTestNG.java:115)
	at org.testng.remote.RemoteTestNG.initAndRun(RemoteTestNG.java:251)
	at org.testng.remote.RemoteTestNG.main(RemoteTestNG.java:77)
]]>
    </error>
  </testcase> <!-- testDelete -->
</testsuite> <!-- test.by.jwd.finaltaskweb.dao.groupdao.CreateAndDeleteTest -->
